[    0.000000] Initializing cgroup subsys cpuset
[    0.000000] Initializing cgroup subsys cpu
[    0.000000] Initializing cgroup subsys cpuacct
[    0.000000] Linux version 4.4.0-66-generic (buildd@lgw01-28) (gcc version 5.4.0 20160609 (Ubuntu 5.4.0-6ubuntu1~16.04.4) ) #87-Ubuntu SMP Fri Mar 3 15:29:05 UTC 2017 (Ubuntu 4.4.0-66.87-generic 4.4.44)
[    0.000000] Command line: BOOT_IMAGE=/boot/vmlinuz-4.4.0-66-generic root=LABEL=cloudimg-rootfs ro console=tty1 console=ttyS0
[    0.000000] KERNEL supported cpus:
[    0.000000]   Intel GenuineIntel
[    0.000000]   AMD AuthenticAMD
[    0.000000]   Centaur CentaurHauls
[    0.000000] x86/fpu: xstate_offset[2]:  576, xstate_sizes[2]:  256
[    0.000000] x86/fpu: Supporting XSAVE feature 0x01: 'x87 floating point registers'
[    0.000000] x86/fpu: Supporting XSAVE feature 0x02: 'SSE registers'
[    0.000000] x86/fpu: Supporting XSAVE feature 0x04: 'AVX registers'
[    0.000000] x86/fpu: Enabled xstate features 0x7, context size is 832 bytes, using 'standard' format.
[    0.000000] x86/fpu: Using 'lazy' FPU context switches.
[    0.000000] e820: BIOS-provided physical RAM map:
[    0.000000] BIOS-e820: [mem 0x0000000000000000-0x000000000009fbff] usable
[    0.000000] BIOS-e820: [mem 0x000000000009fc00-0x000000000009ffff] reserved
[    0.000000] BIOS-e820: [mem 0x00000000000f0000-0x00000000000fffff] reserved
[    0.000000] BIOS-e820: [mem 0x0000000000100000-0x000000007ffeffff] usable
[    0.000000] BIOS-e820: [mem 0x000000007fff0000-0x000000007fffffff] ACPI data
[    0.000000] BIOS-e820: [mem 0x00000000fec00000-0x00000000fec00fff] reserved
[    0.000000] BIOS-e820: [mem 0x00000000fee00000-0x00000000fee00fff] reserved
[    0.000000] BIOS-e820: [mem 0x00000000fffc0000-0x00000000ffffffff] reserved
[    0.000000] NX (Execute Disable) protection: active
[    0.000000] SMBIOS 2.5 present.
[    0.000000] Hypervisor detected: KVM
[    0.000000] e820: last_pfn = 0x7fff0 max_arch_pfn = 0x400000000
[    0.000000] MTRR: Disabled
[    0.000000] x86/PAT: MTRRs disabled, skipping PAT initialization too.
[    0.000000] x86/PAT: Configuration [0-7]: WB  WT  UC- UC  WB  WT  UC- UC  
[    0.000000] CPU MTRRs all blank - virtualized system.
[    0.000000] found SMP MP-table at [mem 0x0009fff0-0x0009ffff] mapped at [ffff88000009fff0]
[    0.000000] Scanning 1 areas for low memory corruption
[    0.000000] RAMDISK: [mem 0x36ad6000-0x37562fff]
[    0.000000] ACPI: Early table checksum verification disabled
[    0.000000] ACPI: RSDP 0x00000000000E0000 000024 (v02 VBOX  )
[    0.000000] ACPI: XSDT 0x000000007FFF0030 00003C (v01 VBOX   VBOXXSDT 00000001 ASL  00000061)
[    0.000000] ACPI: FACP 0x000000007FFF00F0 0000F4 (v04 VBOX   VBOXFACP 00000001 ASL  00000061)
[    0.000000] ACPI: DSDT 0x000000007FFF0470 00210F (v01 VBOX   VBOXBIOS 00000002 INTL 20100528)
[    0.000000] ACPI: FACS 0x000000007FFF0200 000040
[    0.000000] ACPI: FACS 0x000000007FFF0200 000040
[    0.000000] ACPI: APIC 0x000000007FFF0240 00005C (v02 VBOX   VBOXAPIC 00000001 ASL  00000061)
[    0.000000] ACPI: SSDT 0x000000007FFF02A0 0001CC (v01 VBOX   VBOXCPUT 00000002 INTL 20100528)
[    0.000000] No NUMA configuration found
[    0.000000] Faking a node at [mem 0x0000000000000000-0x000000007ffeffff]
[    0.000000] NODE_DATA(0) allocated [mem 0x7ffeb000-0x7ffeffff]
[    0.000000] kvm-clock: Using msrs 4b564d01 and 4b564d00
[    0.000000] kvm-clock: cpu 0, msr 0:7ffe3001, primary cpu clock
[    0.000000] kvm-clock: using sched offset of 3331936892 cycles
[    0.000000] clocksource: kvm-clock: mask: 0xffffffffffffffff max_cycles: 0x1cd42e4dffb, max_idle_ns: 881590591483 ns
[    0.000000] Zone ranges:
[    0.000000]   DMA      [mem 0x0000000000001000-0x0000000000ffffff]
[    0.000000]   DMA32    [mem 0x0000000001000000-0x000000007ffeffff]
[    0.000000]   Normal   empty
[    0.000000]   Device   empty
[    0.000000] Movable zone start for each node
[    0.000000] Early memory node ranges
[    0.000000]   node   0: [mem 0x0000000000001000-0x000000000009efff]
[    0.000000]   node   0: [mem 0x0000000000100000-0x000000007ffeffff]
[    0.000000] Initmem setup node 0 [mem 0x0000000000001000-0x000000007ffeffff]
[    0.000000] ACPI: PM-Timer IO Port: 0x4008
[    0.000000] IOAPIC[0]: apic_id 2, version 32, address 0xfec00000, GSI 0-23
[    0.000000] ACPI: INT_SRC_OVR (bus 0 bus_irq 0 global_irq 2 dfl dfl)
[    0.000000] ACPI: INT_SRC_OVR (bus 0 bus_irq 9 global_irq 9 high level)
[    0.000000] Using ACPI (MADT) for SMP configuration information
[    0.000000] smpboot: Allowing 2 CPUs, 0 hotplug CPUs
[    0.000000] PM: Registered nosave memory: [mem 0x00000000-0x00000fff]
[    0.000000] PM: Registered nosave memory: [mem 0x0009f000-0x0009ffff]
[    0.000000] PM: Registered nosave memory: [mem 0x000a0000-0x000effff]
[    0.000000] PM: Registered nosave memory: [mem 0x000f0000-0x000fffff]
[    0.000000] e820: [mem 0x80000000-0xfebfffff] available for PCI devices
[    0.000000] Booting paravirtualized kernel on KVM
[    0.000000] clocksource: refined-jiffies: mask: 0xffffffff max_cycles: 0xffffffff, max_idle_ns: 7645519600211568 ns
[    0.000000] setup_percpu: NR_CPUS:512 nr_cpumask_bits:512 nr_cpu_ids:2 nr_node_ids:1
[    0.000000] PERCPU: Embedded 33 pages/cpu @ffff88007fc00000 s98264 r8192 d28712 u1048576
[    0.000000] PV qspinlock hash table entries: 256 (order: 0, 4096 bytes)
[    0.000000] Built 1 zonelists in Node order, mobility grouping on.  Total pages: 515961
[    0.000000] Policy zone: DMA32
[    0.000000] Kernel command line: BOOT_IMAGE=/boot/vmlinuz-4.4.0-66-generic root=LABEL=cloudimg-rootfs ro console=tty1 console=ttyS0
[    0.000000] PID hash table entries: 4096 (order: 3, 32768 bytes)
[    0.000000] Memory: 2033964K/2096696K available (8452K kernel code, 1293K rwdata, 3980K rodata, 1488K init, 1316K bss, 62732K reserved, 0K cma-reserved)
[    0.000000] SLUB: HWalign=64, Order=0-3, MinObjects=0, CPUs=2, Nodes=1
[    0.000000] Hierarchical RCU implementation.
[    0.000000] 	Build-time adjustment of leaf fanout to 64.
[    0.000000] 	RCU restricting CPUs from NR_CPUS=512 to nr_cpu_ids=2.
[    0.000000] RCU: Adjusting geometry for rcu_fanout_leaf=64, nr_cpu_ids=2
[    0.000000] NR_IRQS:33024 nr_irqs:440 16
[    0.000000] Console: colour VGA+ 80x25
[    0.000000] console [tty1] enabled
[    0.000000] console [ttyS0] enabled
[    0.000000] tsc: Detected 1999.999 MHz processor
[    0.719370] Calibrating delay loop (skipped) preset value.. 3999.99 BogoMIPS (lpj=7999996)
[    0.721456] pid_max: default: 32768 minimum: 301
[    0.722614] ACPI: Core revision 20150930
[    0.724917] ACPI: 2 ACPI AML tables successfully acquired and loaded
[    0.756111] Security Framework initialized
[    0.757171] Yama: becoming mindful.
[    0.758120] AppArmor: AppArmor initialized
[    0.760096] Dentry cache hash table entries: 262144 (order: 9, 2097152 bytes)
[    0.762074] Inode-cache hash table entries: 131072 (order: 8, 1048576 bytes)
[    0.763830] Mount-cache hash table entries: 4096 (order: 3, 32768 bytes)
[    0.765307] Mountpoint-cache hash table entries: 4096 (order: 3, 32768 bytes)
[    0.767801] Initializing cgroup subsys io
[    0.768838] Initializing cgroup subsys memory
[    0.769926] Initializing cgroup subsys devices
[    0.771060] Initializing cgroup subsys freezer
[    0.772161] Initializing cgroup subsys net_cls
[    0.773286] Initializing cgroup subsys perf_event
[    0.774457] Initializing cgroup subsys net_prio
[    0.776669] Initializing cgroup subsys hugetlb
[    0.785903] Initializing cgroup subsys pids
[    0.787101] CPU: Physical Processor ID: 0
[    0.788123] CPU: Processor Core ID: 0
[    0.789100] mce: CPU supports 0 MCE banks
[    0.790228] Last level iTLB entries: 4KB 512, 2MB 8, 4MB 8
[    0.791602] Last level dTLB entries: 4KB 512, 2MB 32, 4MB 32, 1GB 0
[    0.795804] Freeing SMP alternatives memory: 32K (ffffffff820b9000 - ffffffff820c1000)
[    0.809376] ftrace: allocating 32123 entries in 126 pages
[    0.870823] smpboot: APIC(0) Converting physical 0 to logical package 0
[    0.977359] smpboot: Max logical packages: 1
[    0.982677] x2apic enabled
[    0.983754] Switched APIC routing to physical x2apic.
[    0.986412] ..TIMER: vector=0x30 apic1=0 pin1=2 apic2=-1 pin2=-1
[    1.094276] smpboot: CPU0: Intel(R) Xeon(R) CPU E5-2620 0 @ 2.00GHz (family: 0x6, model: 0x2d, stepping: 0x7)
[    1.104642] Performance Events: unsupported p6 CPU model 45 no PMU driver, software events only.
[    1.106867] KVM setup paravirtual spinlock
[    1.108750] x86: Booting SMP configuration:
[    1.109762] .... node  #0, CPUs:      #1
[    1.110903] kvm-clock: cpu 1, msr 0:7ffe3041, secondary cpu clock
[    1.111993] mce: CPU supports 0 MCE banks
[    1.114623] x86: Booted up 1 node, 2 CPUs
[    1.115850] smpboot: Total of 2 processors activated (7999.99 BogoMIPS)
[    1.117782] devtmpfs: initialized
[    1.122234] evm: security.selinux
[    1.123159] evm: security.SMACK64
[    1.124017] evm: security.SMACK64EXEC
[    1.124927] evm: security.SMACK64TRANSMUTE
[    1.125920] evm: security.SMACK64MMAP
[    1.126913] evm: security.ima
[    1.127724] evm: security.capability
[    1.128920] clocksource: jiffies: mask: 0xffffffff max_cycles: 0xffffffff, max_idle_ns: 7645041785100000 ns
[    1.131284] pinctrl core: initialized pinctrl subsystem
[    1.132610] RTC time: 13:17:16, date: 06/20/17
[    1.133939] NET: Registered protocol family 16
[    1.146608] cpuidle: using governor ladder
[    1.158665] cpuidle: using governor menu
[    1.159686] PCCT header not found.
[    1.160642] ACPI: bus type PCI registered
[    1.161615] acpiphp: ACPI Hot Plug PCI Controller Driver version: 0.5
[    1.163182] PCI: Using configuration type 1 for base access
[    1.175898] ACPI: Added _OSI(Module Device)
[    1.195016] ACPI: Added _OSI(Processor Device)
[    1.196103] ACPI: Added _OSI(3.0 _SCP Extensions)
[    1.197206] ACPI: Added _OSI(Processor Aggregator Device)
[    1.200417] ACPI: Executed 1 blocks of module-level executable AML code
[    1.205103] ACPI: Interpreter enabled
[    1.212178] ACPI: (supports S0 S5)
[    1.213110] ACPI: Using IOAPIC for interrupt routing
[    1.216613] PCI: Using host bridge windows from ACPI; if necessary, use "pci=nocrs" and report a bug
[    1.236982] ACPI: PCI Root Bridge [PCI0] (domain 0000 [bus 00-ff])
[    1.246484] acpi PNP0A03:00: _OSC: OS supports [ASPM ClockPM Segments MSI]
[    1.248328] acpi PNP0A03:00: _OSC failed (AE_NOT_FOUND); disabling ASPM
[    1.249772] acpi PNP0A03:00: fail to add MMCONFIG information, can't access extended PCI configuration space under this bridge.
[    1.268518] PCI host bridge to bus 0000:00
[    1.305462] pci_bus 0000:00: root bus resource [io  0x0000-0x0cf7 window]
[    1.311980] pci_bus 0000:00: root bus resource [io  0x0d00-0xffff window]
[    1.313481] pci_bus 0000:00: root bus resource [mem 0x000a0000-0x000bffff window]
[    1.315368] pci_bus 0000:00: root bus resource [mem 0x80000000-0xffdfffff window]
[    1.317226] pci_bus 0000:00: root bus resource [bus 00-ff]
[    1.337182] pci 0000:00:01.1: legacy IDE quirk: reg 0x10: [io  0x01f0-0x01f7]
[    1.345051] pci 0000:00:01.1: legacy IDE quirk: reg 0x14: [io  0x03f6]
[    1.346409] pci 0000:00:01.1: legacy IDE quirk: reg 0x18: [io  0x0170-0x0177]
[    1.347910] pci 0000:00:01.1: legacy IDE quirk: reg 0x1c: [io  0x0376]
[    1.393097] ACPI: PCI Interrupt Link [LNKA] (IRQs 5 9 10 11) *0, disabled.
[    1.476058] ACPI: PCI Interrupt Link [LNKB] (IRQs 5 9 10 *11)
[    1.590994] ACPI: PCI Interrupt Link [LNKC] (IRQs 5 9 *10 11)
[    1.681054] ACPI: PCI Interrupt Link [LNKD] (IRQs 5 *9 10 11)
[    1.683044] ACPI: Enabled 2 GPEs in block 00 to 07
[    1.697088] vgaarb: setting as boot device: PCI:0000:00:02.0
[    1.698337] vgaarb: device added: PCI:0000:00:02.0,decodes=io+mem,owns=io+mem,locks=none
[    1.700265] vgaarb: loaded
[    1.701032] vgaarb: bridge control possible 0000:00:02.0
[    1.702595] SCSI subsystem initialized
[    1.703766] ACPI: bus type USB registered
[    1.704799] usbcore: registered new interface driver usbfs
[    1.706041] usbcore: registered new interface driver hub
[    1.712640] usbcore: registered new device driver usb
[    1.716050] PCI: Using ACPI for IRQ routing
[    1.717416] NetLabel: Initializing
[    1.718290] NetLabel:  domain hash size = 128
[    1.719370] NetLabel:  protocols = UNLABELED CIPSOv4
[    1.720505] NetLabel:  unlabeled traffic allowed by default
[    1.721998] amd_nb: Cannot enumerate AMD northbridges
[    1.723294] clocksource: Switched to clocksource kvm-clock
[    1.733812] AppArmor: AppArmor Filesystem Enabled
[    1.736118] pnp: PnP ACPI init
[    1.737903] pnp: PnP ACPI: found 3 devices
[   1.751779] clocksource: acpi_pm: mask: 0xffffff max_cycles: 0xffffff, max_idle_ns: 2085701024 ns
[    1.781425] NET: Registered protocol family 2

[    1.782800] TCP established hash table entries: 16384 (order: 5, 131072 bytes)
[    1.784674] TCP bind hash table entries: 16384 (order: 6, 262144 bytes)
[    1.786135] TCP: Hash tables configured (established 16384 bind 16384)
[    1.787527] UDP hash table entries: 1024 (order: 3, 32768 bytes)
[    1.788880] UDP-Lite hash table entries: 1024 (order: 3, 32768 bytes)
[    1.790307] NET: Registered protocol family 1
[    1.791387] pci 0000:00:00.0: Limiting direct PCI/PCI transfers
[    1.792770] pci 0000:00:01.0: Activating ISA DMA hang workarounds
[    1.794281] Trying to unpack rootfs image as initramfs...
[    4.011185] Freeing initrd memory: 10804K (ffff880036ad6000 - ffff880037563000)
[    4.177582] RAPL PMU detected, API unit is 2^-32 Joules, 3 fiedouer107424msvftimer
[    4.660751] hw unit of domain pp0-core 2^-0 Joules
[    4.661935] hw unit of domain package 2^-0 Joules
[    4.663100] hw unit of domain dram 2^-0 Joules
[    4.664328] platform rtc_cmos: registered platform RTC device (no PNP device found)
[    4.666294] Scanning for low memory corruption every 60 seconds
[    4.668222] futex hash table entries: 512 (order: 3, 32768 bytes)
[    4.673814] audit: initializing netlink subsys (disabled)
[    4.675130] audit: type=2000 audit(1497964643.889:1): initialized
[    4.676980] Initialise system trusted keyring
[    4.728031] HugeTLB registered 2 MB page size, pre-allocated 0 pages
[    4.737755] zbud: loaded
[    4.740491] VFS: Disk quotas dquot_6.6.0
[    4.741500] VFS: Dquot-cache hash table entries: 512 (order 0, 4096 bytes)
[    4.743308] squashfs: version 4.0 (2009/01/31) Phillip Lougher
[    4.757637] fuse init (API version 7.23)
[    4.761535] Key type big_key registered
[    4.76213 Allocating IMA MOK and blacklist keyrings.
[    4.839197] Key type asymmetric registered
[    4.848030] Asymmetric key parser 'x509' registered
[    4.851967] Block layer SCSI generic (bsg) driver version 0.4 loaded (major 249)
[    4.853907] io scheduler noop registered
[    4.860305] io scheduler deadline registered (default)
[    4.861521] io scheduler cfq registered
[    4.864458] pci_hotplug: PCI Hot Plug PCI Core version: 0.5
[   8606pchpPCExesHoPl Cntroller Driver version: 0.4
[    5.636807] ACPI: AC Adapter [AC] (on-line)
[    5.676579] tsc: Refined TSC clocksource calibration: 1999.109 MHz
[    5.685732] clocksource: tsc: mask: 0xffffffffffffffff max_cycles: 0x39a1c93e25b, max_idle_ns: 881590417012 ns
[    5.686058] input: Power Button as /devices/LNXSYSTM:00/LNXPWRBN:00/input/input0
[    5.686063] ACPI: Power Button [PWRF]
[    5.686172] input: Sleep Button as /devices/LNXSYSTM:00/LNXSLPBN:00/input/input1
[    5.686175] ACPI: Sleep Button [SLPF]
[    5.741505] GHES: HEST is not enabled!
[    5.815638] Serial: 8250/16550 driver, 32 ports, IRQ sharing enabled
[  5697]0:: ySatI/O 0x3f8 (irq = 4, base_baud = 115200) is a 16550A
[    6.417986] Linux agpgart interface v0.103
[    6.422668] brd: module loaded
[    6.430963] loop: module loaded
[    6.436510] scsi host0: ata_piix
[    6.437610] scsi host1: ata_piix
[    6.438548] ata1: PATA max UDMA/33 cmd 0x1f0 ctl 0x3f6 bmdma 0xd000 irq 14
[    6.440096] ata2: PATA max UDMA/33 cmd 0x170 ctl 0x376 bmdma 0xd008 irq 15
[    6.441762] libphy: Fixed MDIO Bus: probed
[    6.442843] tun: Universal TUN/TAP device driver, 1.6
[    6.459810] tun: (C) 1999-2004 Max Krasnyansky <maxk@qualcomm.com>
[    6.686928] PPP generic driver version 2.4.2
[    6.689191] ehci_hcd: USB 2.0 'Enhanced' Host Controller (EHCI) Driver
[    6.690650] ehci-pci: EHCI PCI platform driver
[    6.691746] ehci-platform: EHCI generic platform driver
[    6.692996] ohci_hcd: USB 1.1 'Open' Host Controller (OHCI) Driver
[    6.694399] ohci-pci: OHCI PCI platform driver
[    6.695500] ohci-platform: OHCI generic platform driver
[    6.696840] uhci_hcd: USB Universal Host Controller Interface driver
[    6.698340] i8042: PNP: PS/2 Controller [PNP0303:PS2K,PNP0f03:PS2M] at 0x60,0x64 irq 1,12
[    6.700900] serio: i8042 KBD port at 0x60,0x64 irq 1
[    6.702080] serio: i8042 AUX port at 0x60,0x64 irq 12
[    6.703389] mousedev: PS/2 mouse device common for all mice
[    6.705045] input: AT Translated Set 2 keyboard as /devices/platform/i8042/serio0/input/input2
[    6.707572] rtc_cmos rtc_cmos: rtc core: registered rtc_cmos as rtc0
[    6.709016] rtc_cmos rtc_cmos: alarms up to one day, 114 bytes nvram
[    6.710379] i2c /dev entries driver
[    6.711366] device-mapper: uevent: version 1.0.3
[    6.712551] device-mapper: ioctl: 4.34.0-ioctl (2015-10-28) initialised: dm-devel@redhat.com
[    6.740954] ledtrig-cpu: registered to indicate activity on CPUs
[    6.742877] NET: Registered protocol family 10
[    6.744361] NET: Registered protocol family 17
[    6.750801] Key type dns_resolver registered
[    6.752123] microcode: CPU0 sig=0x206d7, pf=0x4, revision=0x616
[    6.760776] microcode: CPU1 sig=0x206d7, pf=0x4, revision=0x616
[    6.762789] microcode: Microcode Update Driver: v2.01 <tigran@aivazian.fsnet.co.uk>, Peter Oruba
[    6.771551] registered taskstats version 1
[    6.772626] Loading compiled-in X.509 certificates
[    6.774779] Loaded X.509 cert 'Build time autogenerated kernel key: 32ca4feee90b5cde51f5f8c0e024b22f8c679982'
[    6.777147] zswap: loaded using pool lzo/zbud
[    6.780660] Key type trusted registered
[    6.788911] Key type encrypted registered
[    6.800033] AppArmor: AppArmor sha1 policy hashing enabled
[    6.825500] ima: No TPM chip found, activating TPM-bypass!
[    6.832324] evm: HMAC attrs: 0x1
[    6.925372]   Magic number: 5:600:281
[    7.031300] tty tty18: hash matches
[    7.133084] rtc_cmos rtc_cmos: setting system clock to 2017-06-20 13:17:22 UTC (1497964642)
[    7.322662] BIOS EDD facility v0.16 2004-Jun-25, 0 devices found
[    7.324043] EDD information not available.
[    7.327199] Freeing unused kernel memory: 1488K (ffffffff81f45000 - ffffffff820b9000)
[    7.335506] Write protecting the kernel read-only data: 14336k
[    7.337671] Freeing unused kernel memory: 1776K (ffff880001844000 - ffff880001a00000)
[    7.369287] Freeing unused kernel memory: 116K (ffff880001de3000 - ffff880001e00000)
Loading, please wait...
starting version[    7.457817] random: systemd-udevd: uninitialized urandom read (16 bytes read, 2 bits of entropy available)
 229
[    7.458563] random: udevadm: uninitialized urandom read (16 bytes read, 2 bits of entropy available)
[    7.458626] random: udevadm: uninitialized urandom read (16 bytes read, 2 bits of entropy available)
[    7.458805] random: udevadm: uninitialized urandom read (16 bytes read, 2 bits of entropy available)
[    7.458880] random: udevadm: uninitialized urandom read (16 bytes read, 2 bits of entropy available)
[    7.458949] random: udevadm: uninitialized urandom read (16 bytes read, 2 bits of entropy available)
[    7.459017] random: udevadm: uninitialized urandom read (16 bytes read, 2 bits of entropy available)
[    7.459084] random: udevadm: uninitialized urandom read (16 bytes read, 2 bits of entropy available)
[    7.459149] random: udevadm: uninitialized urandom read (16 bytes read, 2 bits of entropy available)
[    7.459211] random: udevadm: uninitialized urandom read (16 bytes read, 2 bits of entropy available)
[    7.510953] e1000: Intel(R) PRO/1000 Network Driver - version 7.3.21-k8-NAPI
[    7.526376] e1000: Copyright (c) 1999-2006 Intel Corporation.
[    7.545416] Fusion MPT base driver 3.04.20
[    7.555914] Copyright (c) 1999-2008 LSI Corporation
[    7.571693] Fusion MPT SPI Host driver 3.04.20
[    7.584501] AVX version of gcm_enc/dec engaged.
[    7.591094] AES CTR mode by8 optimization enabled
[    7.759083] input: ImExPS/2 Generic Explorer Mouse as /devices/platform/i8042/serio1/input/input4
[    7.963993] e1000 0000:00:03.0 eth0: (PCI:33MHz:32-bit) 02:6f:7d:42:85:2c
[    7.970850] e1000 0000:00:03.0 eth0: Intel(R) PRO/1000 Network Connection
[    8.647723] e1000 0000:00:08.0 eth1: (PCI:33MHz:32-bit) 08:00:27:29:67:27
[    8.749445] e1000 0000:00:08.0 eth1: Intel(R) PRO/1000 Network Connection
[    8.752599] e1000 0000:00:08.0 enp0s8: renamed from eth1
[    8.756235] mptbase: ioc0: Initiating bringup
[    8.771539] e1000 0000:00:03.0 enp0s3: renamed from eth0
[    8.845187] ioc0: LSI53C1030 A0: Capabilities={Initiator}
[    9.056992] scsi host2: ioc0: LSI53C1030 A0, FwRev=00000000h, Ports=1, MaxQ=256, IRQ=20
[    9.475976] scsi 2:0:0:0: Direct-Access     VBOX     HARDDISK         1.0  PQ: 0 ANSI: 5
[    9.511887] scsi target2:0:0: Beginning Domain Validation
[    9.520010] scsi target2:0:0: Domain Validation skipping write tests
[    9.522056] scsi target2:0:0: Ending Domain Validation
[    9.523956] scsi target2:0:0: asynchronous
[    9.526230] scsi 2:0:1:0: Direct-Access     VBOX     HARDDISK         1.0  PQ: 0 ANSI: 5
[    9.528966] scsi target2:0:1: Beginning Domain Validation
[    9.532626] scsi target2:0:1: Domain Validation skipping write tests
[    9.534180] scsi target2:0:1: Ending Domain Validation
[    9.535905] scsi target2:0:1: asynchronous
[    9.545864] sd 2:0:0:0: [sda] 20971520 512-byte logical blocks: (10.7 GB/10.0 GiB)
[    9.547991] sd 2:0:0:0: Attached scsi generic sg0 type 0
[    9.549609] sd 2:0:0:0: [sda] Write Protect is off
[    9.551077] sd 2:0:0:0: [sda] Incomplete mode parameter data
[    9.552581] sd 2:0:0:0: [sda] Assuming drive cache: write through
[    9.554281] sd 2:0:1:0: Attached scsi generic sg1 type 0
[    9.554586] sd 2:0:1:0: [sdb] 20480 512-byte logical blocks: (10.5 MB/10.0 MiB)
[    9.554769] sd 2:0:1:0: [sdb] Write Protect is off
[    9.554884] sd 2:0:1:0: [sdb] Incomplete mode parameter data
[    9.554886] sd 2:0:1:0: [sdb] Assuming drive cache: write through
[    9.560855]  sda: sda1
[    9.561997] sd 2:0:0:0: [sda] Attached SCSI disk
[    9.562501] sd 2:0:1:0: [sdb] Attached SCSI disk
[   10.567562] floppy0: no floppy controllers found
Begin: Loading essential drivers ... [   12.101389] md: linear personality registered for level -1
[   12.108740] md: multipath personality registered for level -4
[   12.115022] md: raid0 personality registered for level 0
[   12.121023] md: raid1 personality registered for level 1
[   12.195320] raid6: sse2x1   gen()  6182 MB/s
[   12.271338] raid6: sse2x1   xor()  4761 MB/s
[   12.351332] raid6: sse2x2   gen()  7487 MB/s
[   12.423334] raid6: sse2x2   xor()  5348 MB/s
[   12.499340] raid6: sse2x4   gen()  8829 MB/s
[   12.587343] raid6: sse2x4   xor()  6736 MB/s
[   12.698882] raid6: using algorithm sse2x4 gen() 8829 MB/s
[   12.744001] raid6: .... xor() 6736 MB/s, rmw enabled
[   12.748426] raid6: using ssse3x2 recovery algorithm
[   12.751818] xor: automatically using best checksumming function:
[   12.814840]    avx       : 32700.000 MB/sec
[   13.057060] async_tx: api initialized (async)
[   13.195231] md: raid6 personality registered for level 6
[   13.375659] md: raid5 personality registered for level 5
[   13.376884] md: raid4 personality registered for level 4
[   13.401408] md: raid10 personality registered for level 10
done.
Begin: Running /scripts/init-premount ... done.
Begin: Mounting root file system ... Begin: Running /scripts/local-top ... done.
Begin: Running /scripts/local-premount ... [   13.440604] Btrfs loaded
Scanning for Btrfs filesystems
done.
Warning: fsck not present, so skipping root file system
[   13.530319] EXT4-fs (sda1): mounted filesystem with ordered data mode. Opts: (null)
done.
Begin: Running /scripts/local-bottom ... done.
Begin: Running /scripts/init-bottom ... done.
[   13.915122] systemd[1]: sysmd29running in system mode. (+PAM +AUDIT +SELINUX +IMA +APPARMOR +SMACK +SYSVINIT +UTMP +LIBCRYPTSETUP +GCRYPT +GNUTLS +ACL +XZ -LZ4 +SECCOMP +BLKID +ELFUTILS +KMOD -IDN)
[   14.202292] systemd[1]: Detected virtualization oracle.
[   14.204596] systemd[1]: Detected architecture x86-64.

Welcome to [1mUbuntu 16.04.2 LTS[0m!

[   14.235754] systemd[1]: Set hostname to <ubuntu>.
[   14.251121] systemd[1]: Initializing machine ID from random generator.
[   14.292335] systemd[1]: Installed transient /etc/machine-id file.
[   14.615452] random: nonblocking pool is initialized
[   14.653591] systemd[1]: Listening on udev Kernel Socket.
[[0;32m  OK  [0m] Listening on udev Kernel Socket.
[   14.657819] systemd[1]: Set up automount Arbitrary Executable File Formats File System Automount Point.
[[0;32m  OK  [0m] Set up automount Arbitrary Executab...ats File System Automount Point.
[   14.668414] systemd[1]: Listening on Journal Audit Socket.
[[0;32m  OK  [0m] Listening on Journal Audit Socket.
[   14.671197] systemd[1]: Reached target User and Group Name Lookups.
[[0;32m  OK  [0m] Reached target User and Group Name Lookups.
[   14.674314] systemd[1]: Listening on Device-mapper event daemon FIFOs.
[[0;32m  OK  [0m] Listening on Device-mapper event daemon FIFOs.
[  14.704022] systemd[1]: Created slice System Slice.
[[0;32m  OK  [0m] Created slice System Slice.
[ 14486]ystemd[1]: Created slice system-serial\x2dgetty.slice.
[[0;32m  OK  [0m] Created slice system-serial\x2dgetty.slice.
[   15.247792] systemd[1]: Listening on LVM2 poll daemon socket.
[[0;32m  OK  [0m] Listening on LVM2 poll daemon socket.
[   15.250596] systemd[1]: Listening on Journal Socket.
[[0;32m  OK  [0m] Listening on Journal Socket.
[   15.271578] systemd[1]: Starting Nameserver information manager...
         Starting Nameserver information manager...
[   15.341765] systemd[1]: Mounting Huge Pages File System...
         Mounting Huge Pages File System...
[   15.350238] systemd[1]: Starting Uncomplicated firewall...
         Starting Uncomplicated firewall...
[   15.353078] systemd[1]: Reached target Swap.
[[0;32m  OK  [0m] Reached target Swap.
[   15.399675] systemd[1]: Listening on Journal Socket (/dev/log).
[[0;32m  OK  [0m] Listening on Journal Socket (/dev/log).
[   15.568256] systemd[1]: Created slice User and Session Slice.
[[0;32m  OK  [0m] Created slice User and Session Slice.
[   15.659607] systemd[1]: Starting Set console keymap...
         Starting Set console keymap...
[   15.663930] systemd[1]: Listening on Syslog Socket.
[[0;32m  OK  [0m] Listening on Syslog Socket.
[   15.667713] systemd[1]: Starting Journal Service...
         Starting Journal Service...
[   15.713561] systemd[1]: Starting Remount Root and Kernel File Systems...
         Starting Remount Root and Kernel File S[   15.721416] EXT4-fs (sda1): re-mounted. Opts: (null)
ystems...
[   15.736082] systemd[1]: Starting Create list of required static device nodes for the current kernel...
         Starting Create list of required st... nodes for the current kernel...
[   15.752226] systemd[1]: Mounting Debug File System...
         Mounting Debug File System...
[   15.762773] systemd[1]: Reached target Slices.
[[0;32m  OK  [0m] Reached target Slices.
[   15.799540] systemd[1]: Starting Load Kernel Modules...
         Starting Load Kernel Modules...
[   15.805828] systemd[1]: Started Forward Password Requests to Wall Directory Watch.
[[0;32m  OK  [0m] Started Forward Password Requests to Wall Directory Watch.
[   15.809141] systemd[1]: Reached target Encrypted Volumes.
[[0;32m  OK  [0m] Reached target Encrypted Volumes.
[   15.812295] systemd[1]: Mounting POSIX Message Queue File System...
         Mounting POSIX Message Queue File System...
[   15.814880] systemd[1]: Listening on /dev/initctl Compatibility Named Pipe.
[[0;32m  OK  [0m] Listening on /dev/initctl Compatibility Named Pipe.
[   15.819904] systemd[1]: Listening on LVM2 metadata daemon socket.
[[0;32m  OK  [0m] Listening on LVM2 metadata daemon socket.
[   15.824019] systemd[1]: Starting Monitoring of LVM2 mirrors, snapshots etc. using dmeventd or progress polling...
         Starting Monitoring of LVM2 mirrors... dmeventd or progress polling...
[   15.827906] systemd[1]: Listening on udev Control Socket.
[[0;32m  OK  [0m] Listening on udev Control Socket.
[   15.832553] systemd[1]: Mounted POSIX Message Queue File System.
[[0;32m  OK  [0m] Mounted POSIX Message Queue File System.
[   15.837265] Loading iSCSI transport class v2.0-870.
[   15.860693] systemd[1]: Mounted Huge Pages File System.
[[0;32m  OK  [0m] Mounted Huge Pages File System.
[   15.867216] systemd[1]: Mounted Debug File System.
[[0;32m  OK  [0m] Mounted Debug File System.
[   15.883686] systemd[1]: Started Journal Service.
[[0;32m  OK  [0m] Started Journal Service.
[[0;32m  OK  [0m] Started Uncomplicated firewall.
[[0;32m  OK  [0m] Started Set console keymap.
[[0;32m  OK  [0m] Started Remount Root and Kernel File Systems.
[[0;32m  OK  [0m] Started Create list of required sta...ce nodes for the current kernel.
[   15.922311] iscsi: registered transport (tcp)
[[0;32m  OK  [0m] Started Nameserver information manager.
[[0;32m  OK  [0m] Started LVM2 metadata daemon.
[   16.053418] iscsi: registered transport (iser)
         Starting Create Static Device Nodes in /dev...
         Starting udev Coldplug all Devices...
         Starting Initial cloud-init job (pre-networking)...
         Starting Load/Save Random Seed...
         Starting Flush Journal to Persistent Storage...
[[0;32m  OK  [0m] Started Load Kernel Modules.
[[0;32m  OK  [0m] Started Create Static Device Nodes in /dev.
[[0;32m  OK  [0m] Started Load/Save Random Seed.
[   16.218550] systemd-journald[416]: Received request to flush runtime journal from PID 1
         Starting udev Kernel Device Manager...
         Starting Apply Kernel Variables...
         Mounting FUSE Control File System...
[[0;32m  OK  [0m] Started Flush Journal to Persistent Storage.
[[0;32m  OK  [0m] Started udev Coldplug all Devices.
[[0;32m  OK  [0m] Started Apply Kernel Variables.
[[0;32m  OK  [0m] Mounted FUSE Control File System.
[[0;32m  OK  [0m] Started udev Kernel Device Manager.
[[0;32m  OK  [0m] Started Dispatch Password Requests to Console Directory Watch.
[[0;32m  OK  [0m] Started Monitoring of LVM2 mirrors,...ng dmeventd or progress polling.
[[0;32m  OK  [0m] Reached target Local File Systems (Pre).
[[0;32m  OK  [0m] Reached target Local File Systems.
         Starting Tell Plymouth To Write Out Runtime Data...
         Starting Create Volatile Files and Directories...
         Starting LSB: AppArmor initialization...
         Starting Set console font and keymap...
         Starting Commit a transient machine-id on disk...
[[0;32m  OK  [0m] Started Tell Plymouth To Write Out Runtime Data.
[[0;32m  OK  [0m] Started Create Volatile Files and Directories.
[[0;32m  OK  [0m] Started Commit a transient machine-id on disk.
[[0;32m  OK  [0m] Found device /dev/ttyS0.
[[0;32m  OK  [0m] Reached target System Time Synchronized.
         Starting Update UTMP about System Boot/Shutdown...
[[0;32m  OK  [0m] Started Update UTMP about System Boot/Shutdown.
[[0;32m  OK  [0m] Started Set console font and keymap.
[[0;32m  OK  [0m] Created slice system-getty.slice.
[[0;32m  OK  [0m] Listening on Load/Save RF Kill Switch Status /dev/rfkill Watch.
[[0;32m  OK  [0m] Started LSB: AppArmor initialization.
[   17.469258] cloud-init[469]: Cloud-init v. 0.7.9 running 'init-local' at Tue, 20 Jun 2017 13:17:33 +0000. Up 17.03 seconds.
[[0;32m  OK  [0m] Started Initial cloud-init job (pre-networking).
[[0;32m  OK  [0m] Reached target Network (Pre).
         Starting Raise network interfaces...
[[0;32m  OK  [0m] Started Raise network interfaces.
[[0;32m  OK  [0m] Reached target Network.
         Starting Initial cloud-init job (metadata service crawler)...
[   20.118498] cloud-init[1056]: Cloud-init v. 0.7.9 running 'init' at Tue, 20 Jun 2017 13:17:35 +0000. Up 18.94 seconds.
[   20.129578] cloud-init[1056]: ci-info: ++++++++++++++++++++++++++++++++++++++Net device info++++++++++++++++++++++++++++++++++++++
[   20.132061] cloud-init[1056]: ci-info: +--------+-------+----------------------------+---------------+-------+-------------------+
[   20.134573] cloud-init[1056]: ci-info: | Device |   Up  |          Address           |      Mask     | Scope |     Hw-Address    |
[   20.137072] cloud-init[1056]: ci-info: +--------+-------+----------------------------+---------------+-------+-------------------+
[   20.139530] cloud-init[1056]: ci-info: | enp0s3 |  True |         10.0.2.15          | 255.255.255.0 |   .   | 02:6f:7d:42:85:2c |
[   20.142028] cloud-init[1056]: ci-info: | enp0s3 |  True | fe80::6f:7dff:fe42:852c/64 |       .       |  link | 02:6f:7d:42:85:2c |
[   20.144539] cloud-init[1056]: ci-info: | enp0s8 | False |             .              |       .       |   .   | 08:00:27:29:67:27 |
[   20.146994] cloud-init[1056]: ci-info: |   lo   |  True |         127.0.0.1          |   255.0.0.0   |   .   |         .         |
[   20.149489] cloud-init[1056]: ci-info: |   lo   |  True |          ::1/128           |       .       |  host |         .         |
[   20.151936] cloud-init[1056]: ci-info: +--------+-------+----------------------------+---------------+-------+-------------------+
[   20.192513] [cloud-init[0;32m  OK  [0m[1056]: ] ci-info: +++++++++++++++++++++++++++Route IPv4 info++++++++++++++++++++++++++++Started Initial cloud-init job (metadata service crawler).

[   20.193036] cloud-init[1056]: ci-info: +-------+-------------+----------+---------------+-----------+-------+[[0;32m  OK  [0m] Reached target Cloud-config availability.
[[0;32m  OK  [0m] Reached target Network is Online.

[   20.204427] cloud-init[1056]: ci-info: | Route | Destination | Gateway  |    Genmask    | Interface | Flags |
[   20.206479] cloud-init[1056]: ci-info: +-------+-------------+----------+---------------+-----------+-------+
[   20.208618] cloud-init[1056]: ci-info: |   0   |   0.0.0.0   | 10.0.2.2 |    0.0.0.0    |   enp0s3  |   UG  |
[   20.210647] cloud-init[1056]: ci-info: |   1   |   10.0.2.0  | 0.0.0.0  | 255.255.255.0 |   enp0s3  |   U   |
[   20.212820] cloud-init[1056]: ci-info: +-------+-------------+----------+---------------+-----------+-------+
[   20.214883] cloud-init[1056]: Generating public/private rsa key pair.         Starting iSCSI initiator daemon (iscsid)...
[[0;32m  OK  [0m] Reached target System Initialization.
[[0;32m  OK  [0m] Started Timer to automatically refresh installed snaps.
         Starting Socket activation for snappy daemon.
[[0;32m  OK  [0m] Started Trigger resolvconf update for networkd DNS.

[   20.221555] [[0;32m  OK  [0m] Started ACPI Events Check.
[[0;32m  OK  [0m] Reached target Paths.
[[0;32m  OK  [0m] Started Daily apt activities.
[[0;32m  OK  [0m] Started Daily Cleanup of Temporary Directories.
[[0;32m  OK  [0m] Reached target Timers.
[[0;32m  OK  [0m] Listening on ACPID Listen Socket.
[[0;32m  OK  [0m] Listening on UUID daemon activation socket.
[[0;32m  OK  [0m] Listening on D-Bus System Message Bus Socket.
cloud-init[1056]: Your identification has been saved in /etc/ssh/ssh_host_rsa_key.
[   20.228778] cloud-init[1056]: Your public key has been saved in /etc/ssh/ssh_host_rsa_key.pub.
[   20.230669] cloud-init[1056]: The key fingerprint is:
[   20.252757]          Starting LXD - unix socket.
cloud-init[1056]: SHA256:VfYQGtr49/bMSAtfsfmECQad2syyFDFzMnzvJfadCCM root@ubuntu-xenial
[   20.255271] cloud-init[1056]: The key's randomart image is:
[   20.256938] cloud-init[1056]: +---[RSA 2048]----+
[   20.260344] cloud-init[1056]: |         .B *.   |
[   20.261871] cloud-init[1056]: |         +.&.+   |
[   20.263394] cloud-init[1056]: |        o *.o..  |
[   20.264990] cloud-init[1056]: |         E X  + .|
[   20.269410] [[0;32m  OK  [0m] Listening on Socket activation for snappy daemon.
[[0;32m  OK  [0m] Listening on LXD - unix socket.
cloud-init[1056]: |        S * Xo.=o|
[   20.272232] cloud-init[1056]: |         . = +.+*|
[   20.273969] cloud-init[1056]: |          . . *oo|
[   20.275494] cloud-init[1056]: |             = O.|
[   20.277247] cloud-init[1056]: |              + =|
[   20.279902] cloud-init[1056]: +----[SHA256]-----+
[   20.281489] cloud-init[1056]: Generating public/private dsa key pair.
[[0;32m  OK  [0m] Reached target Sockets.
[   20.283681] [[0;32m  OK  [0m] Reached target Basic System.
cloud-init[1056]:          Starting Accounts Service...
Your identification has been saved in /etc/ssh/ssh_host_dsa_key.         Starting /etc/rc.local Compatibility...

[   20.287756] cloud-init[1056]: Your public key has been saved in /etc/ssh/ssh_host_dsa_key.pub.
[   20.289917] cloud-init[1056]: The key fingerprint is:[[0;32m  OK  [0m] Started Regular background program processing daemon.
[[0;32m  OK  [0m] Started Deferred execution scheduler.

[   20.294297]          Starting System Logging Service...
cloud-init[1056]: [[0;32m  OK  [0m] Started FUSE filesystem for LXC.
SHA256:DcOPkg+UHqZEsK2tuY/W5oTcytN+D4/pH/sqrFgDFh8 root@ubuntu-xenial
[   20.303979] [[0;32m  OK  [0m] Started ACPI event daemon.
cloud-init[1056]: The key's randomart image is:
[   20.306192] cloud-init[1056]: +---[DSA 1024]----+
[   20.307741] cloud-init[1056]: |  ...            |
[   20.309634]          Starting Pollinate to seed the pseudo random number generator...
cloud-init         Starting LSB: MD monitoring daemon...
[1056]: |   +   o         |[[0;32m  OK  [0m] Started D-Bus System Message Bus.

[   20.313962] cloud-init[1056]: |  o E = +        |
[   20.321744] cloud-init[1056]: |   * * o *       |
[   20.322896] cloud-init[1056]: |  + + = S o      |
[   20.325171] cloud-init[1056]: | o *   +         |
[   20.326421] cloud-init[1056]: |  =o=.. o        |
[   20.328344] cloud-init[1056]: | .oB+.+= o       |
[   20.329550] cloud-init[1056]: | .**=+++*o.      |
[   20.331096] cloud-init[1056]: +----[SHA256]-----+
[   20.334573] cloud-init[1056]: Generating public/private ecdsa key pair.
[   20.336484] cloud-init[1056]: Your identification has been saved in /etc/ssh/ssh_host_ecdsa_key.
[   20.338262] cloud-init[1056]: Your public key has been saved in /etc/ssh/ssh_host_ecdsa_key.pub.
[   20.339902] cloud-init[1056]: The key fingerprint is:
[   20.341146] cloud-init[1056]: SHA256:ltBU1tuwy3cKfy+p1siR7R54/RxIIqnO2ckT1IkIekg root@ubuntu-xenial
[   20.342834] cloud-init[1056]: The key's randomart image is:
[   20.344055] cloud-init[1056]: +---[ECDSA 256]---+
[   20.345243] cloud-init[1056]: |        ..o.     |
[   20.346608] cloud-init[1056]: |   E . o .  o    |
[   20.348829] cloud-init[1056]: |  . o o o o .=   |
[   20.349927] cloud-init[1056]: |   o . o +.oo .  |
[   20.351016] cloud-init[1056]: |    .   So o =   |
[   20.352196] cloud-init[1056]: |       .... O.+..|
[   20.353296] cloud-init[1056]: |       .  ...Xo=.|
[   20.354405] cloud-init[1056]: |      o +.. +.Bo+|
[   20.355499] cloud-init[1056]: |       + +...o.o=|
[   20.356648] cloud-init[1056]: +----[SHA256]-----+
[   20.357868] cloud-init[1056]: Generating public/private ed25519 key pair.
[   20.359268] cloud-init[1056]: Your identification has been saved in /etc/ssh/ssh_host_ed25519_key.
[   20.360964] cloud-init[1056]: Your public key has been saved in /etc/ssh/ssh_host_ed25519_key.pub.
[   20.362659] cloud-init[1056]: The key fingerprint is:
[   20.376256] cloud-init[1056]: SHA256:4DOxinSAZ9CLnrHrPhFJrej9WkZHg+UmanbO0xs68wo root@ubuntu-xenial
[   20.378421] cloud-init[1056]: The key's randomart image is:
[   20.379711] cloud-init[1056]: +--[ED25519 256]--+
[   20.380958] cloud-init[1056]: |...    .         |
[   20.383225] cloud-init[1056]: | +..  +          |
[   20.384415] cloud-init[1056]: |+.*. oo=         |
[   20.385524] cloud-init[1056]: |oB....++.        |
[   20.387744] cloud-init[1056]: |o B+.o=.S        |
[   20.388989] cloud-init[1056]: | Bo+=.oo         |
[   20.390259] cloud-init[1056]: |  +Eo* o         |
[   20.408312] cloud-init[1056]: | o  ++o o        |
[   20.416480] cloud-init[1056]: |oo...o=o         |
[   20.418025] cloud-init[1056]: +----[SHA256]-----+
         Starting Login Service...
         Starting LXD - container startup/shutdown...
         Starting LSB: Record successful boot for GRUB...
         Starting Apply the settings specified in cloud-config...
[[0;32m  OK  [0m] Started Snappy daemon.
         Starting Auto import assertions from block devices...
[[0;32m  OK  [0m] Started System Logging Service.
[[0;32m  OK  [0m] Started iSCSI initiator daemon (iscsid).
[[0;32m  OK  [0m] Started /etc/rc.local Compatibility.
[[0;32m  OK  [0m] Started Auto import assertions from block devices.
[[0;32m  OK  [0m] Started Login Service.
         Starting Authenticate and Authorize Users to Run Privileged Tasks...
         Starting Login to default iSCSI targets...
[[0;32m  OK  [0m] Started LSB: MD monitoring daemon.
[[0;32m  OK  [0m] Started LSB: Record successful boot for GRUB.
[[0;32m  OK  [0m] Started Login to default iSCSI targets.
[[0;32m  OK  [0m] Started Authenticate and Authorize Users to Run Privileged Tasks.
[[0;32m  OK  [0m] Started Accounts Service.
[[0;32m  OK  [0m] Reached target Remote File Systems (Pre).
[[0;32m  OK  [0m] Reached target Remote File Systems.
         Starting LSB: VirtualBox Linux Additions...
         Starting LSB: Set the CPU Frequency Scaling governor to "ondemand"...
         Starting LSB: automatic crash report generation...
         Starting Permit User Sessions...
         Starting LSB: daemon to balance interrupts for SMP systems...
[[0;32m  OK  [0m] Started Permit User Sessions.
         Starting Terminate Plymouth Boot Screen...
         Starting Hold until boot process finishes up...
[[0;32m  OK  [0m] Started LSB: Set the CPU Frequency Scaling governor to "ondemand".
[[0;32m  OK  [0m] Started Terminate Plymouth Boot Screen.
[[0;32m  OK  [0m] Started Hold until boot process finishes up.
         Starting Set console scheme...
[[0;32m  OK  [0m] Started Getty on tty1.
[[0;32m  OK  [0m] Started Serial Getty on ttyS0.
[[0;32m  OK  [0m] Reached target Login Prompts.
[[0;32m  OK  [0m] Started LSB: automatic crash report generation.
[[0;32m  OK  [0m] Started LSB: daemon to balance interrupts for SMP systems.
[[0;32m  OK  [0m] Started Set console scheme.
[   21.572502] cloud-init[1236]: Generating locales (this might take a while)...
[[0;32m  OK  [0m] Started LSB: VirtualBox Linux Additions.
[[0;32m  OK  [0m] Started LXD - container startup/shutdown.
[[0;32m  OK  [0m] Started Pollinate to seed the pseudo random number generator.
         Starting OpenBSD Secure Shell server...
[[0;32m  OK  [0m] Started OpenBSD Secure Shell server.
[[0;32m  OK  [0m] Reached target Multi-User System.
[[0;32m  OK  [0m] Reached target Graphical Interface.
[   22.807830] cloud-init[1236]:   en_US.UTF-8... done
         Starting Update UTMP about System Runlevel Changes...
[   22.822413] cloud-init[1236]: Generation complete.
[[0;32m  OK  [0m] Started Update UTMP about System Runlevel Changes.
         Stopping OpenBSD Secure Shell server...
[[0;32m  OK  [0m] Stopped OpenBSD Secure Shell server.
         Starting OpenBSD Secure Shell server...
[[0;32m  OK  [0m] Started OpenBSD Secure Shell server.
[   23.704109] cloud-init[1236]: Cloud-init v. 0.7.9 running 'modules:config' at Tue, 20 Jun 2017 13:17:37 +0000. Up 21.20 seconds.
[[0;32m  OK  [0m] Started Apply the settings specified in cloud-config.
         Starting Execute cloud user/final scripts...
ci-info: no authorized ssh keys fingerprints found for user ubuntu.
<14>Jun 20 13:17:41 ec2: 
<14>Jun 20 13:17:41 ec2: #############################################################
<14>Jun 20 13:17:41 ec2: -----BEGIN SSH HOST KEY FINGERPRINTS-----
<14>Jun 20 13:17:41 ec2: 1024 SHA256:DcOPkg+UHqZEsK2tuY/W5oTcytN+D4/pH/sqrFgDFh8 root@ubuntu-xenial (DSA)
<14>Jun 20 13:17:41 ec2: 256 SHA256:ltBU1tuwy3cKfy+p1siR7R54/RxIIqnO2ckT1IkIekg root@ubuntu-xenial (ECDSA)
<14>Jun 20 13:17:41 ec2: 256 SHA256:4DOxinSAZ9CLnrHrPhFJrej9WkZHg+UmanbO0xs68wo root@ubuntu-xenial (ED25519)
<14>Jun 20 13:17:41 ec2: 2048 SHA256:VfYQGtr49/bMSAtfsfmECQad2syyFDFzMnzvJfadCCM root@ubuntu-xenial (RSA)
<14>Jun 20 13:17:41 ec2: -----END SSH HOST KEY FINGERPRINTS-----
<14>Jun 20 13:17:41 ec2: #############################################################
-----BEGIN SSH HOST KEY KEYS-----
ecdsa-sha2-nistp256 AAAAE2VjZHNhLXNoYTItbmlzdHAyNTYAAAAIbmlzdHAyNTYAAABBBAzbM/P3clSZhyf9NALRRHGkGsOX4l/NSoZFVbduYaQYd7GJtbzGTQpP1SrLOFuHMqAmR+Fju4Ye51VgtLeDJSg= root@ubuntu-xenial
ssh-ed25519 AAAAC3NzaC1lZDI1NTE5AAAAII6tK94Is6JGuBumuWohRv2gO4MQ3ieMXdDJodbaMR+T root@ubuntu-xenial
ssh-rsa AAAAB3NzaC1yc2EAAAADAQABAAABAQDeCe50OOMAoIq0UySARWsNciDpM/TeoYXZpIHxoD+2IHYah4SaM2g8JHftceFvK717to7rK4l4bOt2nwy8CdiUCWZ2OtosGvJIDsxluH3Mi378H6TkKJ2IEkopIboqrP4BhkBmqtJ/5XexsVGHybEQG0kQ65+f2pBKIzeF77oc9WpqT+a7nXGNglpSa5RwEqk1XDgg+vrDZmWc3civJ7nrN6Lii34tWDY6AtcY4/exDu6WOtcgtAO0Knt7KbEHscQo3o8PWrXnmDkkYy+mnZixaLZKndQnWpTapIeZ8T6UGE+8A728ert66bM5/RE1+Yfq334evLynqkEoDIEeLkKf root@ubuntu-xenial
-----END SSH HOST KEY KEYS-----
[   24.448606] cloud-init[1428]: Cloud-init v. 0.7.9 running 'modules:final' at Tue, 20 Jun 2017 13:17:40 +0000. Up 24.14 seconds.
[   24.451997] cloud-init[1428]: ci-info: no authorized ssh keys fingerprints found for user ubuntu.
[   24.453907] cloud-init[1428]: Cloud-init v. 0.7.9 finished at Tue, 20 Jun 2017 13:17:41 +0000. Datasource DataSourceNoCloud [seed=/dev/sdb][dsmode=net].  Up 24.43 seconds
[[0;32m  OK  [0m] Started Execute cloud user/final scripts.
[[0;32m  OK  [0m] Reached target Cloud-init target.

Ubuntu 16.04.2 LTS ubuntu-xenial ttyS0

ubuntu-xenial login: 